0 info it worked if it ends with ok
1 verbose cli [ 'D:\\Program Files\\nodejs\\node.exe',
1 verbose cli   'D:\\nodejs\\node_global\\node_modules\\cnpm\\node_modules\\npm\\bin\\npm-cli.js',
1 verbose cli   '--userconfig=C:\\Users\\Administrator\\.cnpmrc',
1 verbose cli   '--disturl=https://npm.taobao.org/mirrors/node',
1 verbose cli   '--registry=https://registry.npm.taobao.org',
1 verbose cli   'link' ]
2 info using npm@3.10.10
3 info using node@v7.9.0
4 verbose linkPkg H:\Git\GitHub\ife-course\nodejs-lessions\command-line-tool
5 silly gentlyRm D:\Program Files\nodejs\node_modules\command-line-tool is being purged
6 verbose gentlyRm don't care about contents; nuking D:\Program Files\nodejs\node_modules\command-line-tool
7 verbose stack Error: EPERM: operation not permitted, symlink 'H:\Git\GitHub\ife-course\nodejs-lessions\command-line-tool' -> 'D:\Program Files\nodejs\node_modules\command-line-tool'
8 verbose cwd H:\Git\GitHub\ife-course\nodejs-lessions\command-line-tool
9 error Windows_NT 10.0.10586
10 error argv "D:\\Program Files\\nodejs\\node.exe" "D:\\nodejs\\node_global\\node_modules\\cnpm\\node_modules\\npm\\bin\\npm-cli.js" "--userconfig=C:\\Users\\Administrator\\.cnpmrc" "--disturl=https://npm.taobao.org/mirrors/node" "--registry=https://registry.npm.taobao.org" "link"
11 error node v7.9.0
12 error npm  v3.10.10
13 error path H:\Git\GitHub\ife-course\nodejs-lessions\command-line-tool
14 error code EPERM
15 error errno -4048
16 error syscall symlink
17 error Error: EPERM: operation not permitted, symlink 'H:\Git\GitHub\ife-course\nodejs-lessions\command-line-tool' -> 'D:\Program Files\nodejs\node_modules\command-line-tool'
17 error  { Error: EPERM: operation not permitted, symlink 'H:\Git\GitHub\ife-course\nodejs-lessions\command-line-tool' -> 'D:\Program Files\nodejs\node_modules\command-line-tool'
17 error   errno: -4048,
17 error   code: 'EPERM',
17 error   syscall: 'symlink',
17 error   path: 'H:\\Git\\GitHub\\ife-course\\nodejs-lessions\\command-line-tool',
17 error   dest: 'D:\\Program Files\\nodejs\\node_modules\\command-line-tool' }
18 error Please try running this command again as root/Administrator.
19 verbose exit [ -4048, true ]
